#
# A fatal error has been detected by the Java Runtime Environment:
#
#  EXCEPTION_ACCESS_VIOLATION (0xc0000005) at pc=0x00007ffa4e38010c, pid=932, tid=0x0000000000005698
#
# JRE version: Java(TM) SE Runtime Environment (8.0_271-b09) (build 1.8.0_271-b09)
# Java VM: Java HotSpot(TM) 64-Bit Server VM (25.271-b09 mixed mode windows-amd64 compressed oops)
# Problematic frame:
# C  [nvoglv64.dll+0x114010c]
#
# Failed to write core dump. Minidumps are not enabled by default on client versions of Windows
#
# If you would like to submit a bug report, please visit:
#   http://bugreport.java.com/bugreport/crash.jsp
# The crash happened outside the Java Virtual Machine in native code.
# See problematic frame for where to report the bug.
#

---------------  T H R E A D  ---------------

Current thread (0x000001c96316c800):  JavaThread "main" [_thread_in_native, id=22168, stack(0x0000009dd0200000,0x0000009dd0300000)]

siginfo: ExceptionCode=0xc0000005, reading address 0x000001c97ee40000

Registers:
RAX=0x0000000000000000, RBX=0x000001c97acea280, RCX=0x000001c97ad29710, RDX=0x00000000041168e0
RSP=0x0000009dd02ff1b8, RBP=0x000001c97ee00b60, RSI=0x000000000004b000, RDI=0x000001c97c105080
R8 =0x000000000004aff0, R9 =0x0000000000000176, R10=0x000001c97ee00b60, R11=0x000001c97acea280
R12=0x0000000000001401, R13=0x0000000000001909, R14=0x0000000000000280, R15=0x0000000000000de1
RIP=0x00007ffa4e38010c, EFLAGS=0x0000000000010202

Top of Stack: (sp=0x0000009dd02ff1b8)
0x0000009dd02ff1b8:   00007ffa4da3cf2f 0000000000000000
0x0000009dd02ff1c8:   000001c97edd6c40 0000000715d889b8
0x0000009dd02ff1d8:   0000000715da8a60 0000009d00000000
0x0000009dd02ff1e8:   0000000000001909 0000000700001401
0x0000009dd02ff1f8:   000001c97ee00b60 000001c90004b000
0x0000009dd02ff208:   00000007c0181488 000001c96316c800
0x0000009dd02ff218:   0000009dd02ff430 000001c912d42490
0x0000009dd02ff228:   0000000000000000 0000000000001909
0x0000009dd02ff238:   0000000000000000 0000000000000de1
0x0000009dd02ff248:   00007ffa88465ffa 0000000000000280
0x0000009dd02ff258:   0000000700000000 000001c900001909
0x0000009dd02ff268:   0000000000000000 0000009d000001e0
0x0000009dd02ff278:   00007ffa00000000 000001c900001909
0x0000009dd02ff288:   0000000000001401 000001c97ee00b60
0x0000009dd02ff298:   000001c96316c9f8 000001c964a8837d
0x0000009dd02ff2a8:   00007ffa9dfecab5 0000000000000de1 

Instructions: (pc=0x00007ffa4e38010c)
0x00007ffa4e3800ec:   a8 97 01 76 17 e9 c2 00 00 00 66 66 0f 1f 84 00
0x00007ffa4e3800fc:   00 00 00 00 0f 29 41 e0 0f 29 49 f0 0f 10 04 11
0x00007ffa4e38010c:   0f 10 4c 11 10 48 81 c1 80 00 00 00 0f 29 41 80
0x00007ffa4e38011c:   0f 29 49 90 0f 10 44 11 a0 0f 10 4c 11 b0 49 ff 


Register to memory mapping:

RAX=0x0000000000000000 is an unknown value
RBX=0x000001c97acea280 is an unknown value
RCX=0x000001c97ad29710 is an unknown value
RDX=0x00000000041168e0 is an unknown value
RSP=0x0000009dd02ff1b8 is pointing into the stack for thread: 0x000001c96316c800
RBP=0x000001c97ee00b60 is an unknown value
RSI=0x000000000004b000 is an unknown value
RDI=0x000001c97c105080 is an unknown value
R8 =0x000000000004aff0 is an unknown value
R9 =0x0000000000000176 is an unknown value
R10=0x000001c97ee00b60 is an unknown value
R11=0x000001c97acea280 is an unknown value
R12=0x0000000000001401 is an unknown value
R13=0x0000000000001909 is an unknown value
R14=0x0000000000000280 is an unknown value
R15=0x0000000000000de1 is an unknown value


Stack: [0x0000009dd0200000,0x0000009dd0300000],  sp=0x0000009dd02ff1b8,  free space=1020k
Native frames: (J=compiled Java code, j=interpreted, Vv=VM code, C=native code)
C  [nvoglv64.dll+0x114010c]
C  [nvoglv64.dll+0x7fcf2f]
C  [opengl32.dll+0x25ffa]
C  [lwjgl_opengl.dll+0xcab5]
C  0x000001c964a9990e

Java frames: (J=compiled Java code, j=interpreted, Vv=VM code)
j  org.lwjgl.opengl.GL11C.nglTexImage2D(IIIIIIIIJ)V+0
j  org.lwjgl.opengl.GL11C.glTexImage2D(IIIIIIIILjava/nio/ByteBuffer;)V+17
j  org.lwjgl.opengl.GL11.glTexImage2D(IIIIIIIILjava/nio/ByteBuffer;)V+14
j  OpenGLARDisplay.setFrameToTexture([BLentities/Entity;Z)V+131
j  OpenGLARDisplay.detectChanges()V+158
j  OpenGLARDisplay.displayLoop()V+15
j  ARBootstrapper.start()V+47
j  ARBootstrapper.main([Ljava/lang/String;)V+9
v  ~StubRoutines::call_stub

---------------  P R O C E S S  ---------------

Java Threads: ( => current thread )
  0x000001c97ebc5000 JavaThread "pool-2-thread-1" [_thread_blocked, id=20356, stack(0x0000009dd2400000,0x0000009dd2500000)]
  0x000001c979294000 JavaThread "Service Thread" daemon [_thread_blocked, id=20696, stack(0x0000009dd1400000,0x0000009dd1500000)]
  0x000001c97743f000 JavaThread "C1 CompilerThread3" daemon [_thread_blocked, id=19168, stack(0x0000009dd1300000,0x0000009dd1400000)]
  0x000001c97743b800 JavaThread "C2 CompilerThread2" daemon [_thread_blocked, id=16556, stack(0x0000009dd1200000,0x0000009dd1300000)]
  0x000001c977434800 JavaThread "C2 CompilerThread1" daemon [_thread_blocked, id=5632, stack(0x0000009dd1100000,0x0000009dd1200000)]
  0x000001c977432000 JavaThread "C2 CompilerThread0" daemon [_thread_blocked, id=15096, stack(0x0000009dd1000000,0x0000009dd1100000)]
  0x000001c977431000 JavaThread "Attach Listener" daemon [_thread_blocked, id=22268, stack(0x0000009dd0f00000,0x0000009dd1000000)]
  0x000001c977430800 JavaThread "Signal Dispatcher" daemon [_thread_blocked, id=9620, stack(0x0000009dd0e00000,0x0000009dd0f00000)]
  0x000001c97740f000 JavaThread "Finalizer" daemon [_thread_blocked, id=20380, stack(0x0000009dd0d00000,0x0000009dd0e00000)]
  0x000001c9773e0000 JavaThread "Reference Handler" daemon [_thread_blocked, id=7544, stack(0x0000009dd0c00000,0x0000009dd0d00000)]
=>0x000001c96316c800 JavaThread "main" [_thread_in_native, id=22168, stack(0x0000009dd0200000,0x0000009dd0300000)]

Other Threads:
  0x000001c9773d8000 VMThread [stack: 0x0000009dd0b00000,0x0000009dd0c00000] [id=2828]
  0x000001c9792b8800 WatcherThread [stack: 0x0000009dd1500000,0x0000009dd1600000] [id=19476]

VM state:not at safepoint (normal execution)

VM Mutex/Monitor currently owned by a thread: None

heap address: 0x00000005c1800000, size: 8168 MB, Compressed Oops mode: Zero based, Oop shift amount: 3
Narrow klass base: 0x0000000000000000, Narrow klass shift: 3
Compressed class space size: 1073741824 Address: 0x00000007c0000000

Heap:
 PSYoungGen      total 153088K, used 92736K [0x0000000715d80000, 0x0000000720800000, 0x00000007c0000000)
  eden space 131584K, 70% used [0x0000000715d80000,0x000000071b810050,0x000000071de00000)
  from space 21504K, 0% used [0x000000071f300000,0x000000071f300000,0x0000000720800000)
  to   space 21504K, 0% used [0x000000071de00000,0x000000071de00000,0x000000071f300000)
 ParOldGen       total 349696K, used 0K [0x00000005c1800000, 0x00000005d6d80000, 0x0000000715d80000)
  object space 349696K, 0% used [0x00000005c1800000,0x00000005c1800000,0x00000005d6d80000)
 Metaspace       used 20164K, capacity 20559K, committed 20608K, reserved 1067008K
  class space    used 2019K, capacity 2134K, committed 2176K, reserved 1048576K

Card table byte_map: [0x000001c973e40000,0x000001c974e40000] byte_map_base: 0x000001c971034000

Marking Bits: (ParMarkBitMap*) 0x0000000065517fe0
 Begin Bits: [0x000001c900000000, 0x000001c907fa0000)
 End Bits:   [0x000001c907fa0000, 0x000001c90ff40000)

Polling page: 0x000001c964a50000

CodeCache: size=245760Kb used=5106Kb max_used=5106Kb free=240653Kb
 bounds [0x000001c964a80000, 0x000001c964f80000, 0x000001c973a80000]
 total_blobs=2787 nmethods=1392 adapters=1309
 compilation: enabled

Compilation events (10 events):
Event: 2.521 Thread 0x000001c97743f000 1387       3       org.lwjgl.system.MemoryUtil::nmemFree (10 bytes)
Event: 2.521 Thread 0x000001c97743f000 nmethod 1387 0x000001c964f7c2d0 code [0x000001c964f7c440, 0x000001c964f7c690]
Event: 2.523 Thread 0x000001c97743f000 1389       1       org.liquidengine.legui.system.context.Context::getContextData (5 bytes)
Event: 2.523 Thread 0x000001c97743f000 nmethod 1389 0x000001c964f7cbd0 code [0x000001c964f7cd20, 0x000001c964f7ce38]
Event: 2.523 Thread 0x000001c97743f000 1390       3       org.joml.Vector4f::<init> (26 bytes)
Event: 2.524 Thread 0x000001c97743f000 nmethod 1390 0x000001c964f7ce90 code [0x000001c964f7cfe0, 0x000001c964f7d1b8]
Event: 2.525 Thread 0x000001c97743f000 1392       3       java.util.ArrayList::<init> (63 bytes)
Event: 2.525 Thread 0x000001c97743f000 nmethod 1392 0x000001c964f7d290 code [0x000001c964f7d440, 0x000001c964f7d9a0]
Event: 2.525 Thread 0x000001c97743f000 1391       3       java.lang.Long::longValue (5 bytes)
Event: 2.525 Thread 0x000001c97743f000 nmethod 1391 0x000001c964f7db50 code [0x000001c964f7dca0, 0x000001c964f7ddf8]

GC Heap History (0 events):
No events

Deoptimization events (10 events):
Event: 0.632 Thread 0x000001c96316c800 Uncommon trap: reason=unstable_if action=reinterpret pc=0x000001c964cb59c0 method=java.util.HashMap.getNode(ILjava/lang/Object;)Ljava/util/HashMap$Node; @ 62
Event: 0.632 Thread 0x000001c96316c800 Uncommon trap: reason=unstable_if action=reinterpret pc=0x000001c964c4aff4 method=java.util.HashMap.getNode(ILjava/lang/Object;)Ljava/util/HashMap$Node; @ 62
Event: 0.760 Thread 0x000001c96316c800 Uncommon trap: reason=range_check action=make_not_entrant pc=0x000001c964d67fa8 method=sun.reflect.generics.parser.SignatureParser.current()C @ 34
Event: 0.767 Thread 0x000001c96316c800 Uncommon trap: reason=unstable_if action=reinterpret pc=0x000001c964db155c method=java.util.HashMap.getNode(ILjava/lang/Object;)Ljava/util/HashMap$Node; @ 129
Event: 0.820 Thread 0x000001c96316c800 Uncommon trap: reason=unstable_if action=reinterpret pc=0x000001c964c7d590 method=java.lang.String.indexOf([CII[CIII)I @ 3
Event: 0.840 Thread 0x000001c96316c800 Uncommon trap: reason=class_check action=maybe_recompile pc=0x000001c964de078c method=java.util.HashMap.putVal(ILjava/lang/Object;Ljava/lang/Object;ZZ)Ljava/lang/Object; @ 203
Event: 0.841 Thread 0x000001c96316c800 Uncommon trap: reason=class_check action=maybe_recompile pc=0x000001c964de078c method=java.util.HashMap.putVal(ILjava/lang/Object;Ljava/lang/Object;ZZ)Ljava/lang/Object; @ 203
Event: 0.847 Thread 0x000001c96316c800 Uncommon trap: reason=class_check action=maybe_recompile pc=0x000001c964e0679c method=java.util.HashMap.putVal(ILjava/lang/Object;Ljava/lang/Object;ZZ)Ljava/lang/Object; @ 203
Event: 0.873 Thread 0x000001c96316c800 Uncommon trap: reason=unstable_if action=reinterpret pc=0x000001c964c5885c method=java.io.WinNTFileSystem.normalize(Ljava/lang/String;II)Ljava/lang/String; @ 8
Event: 0.937 Thread 0x000001c96316c800 Uncommon trap: reason=unstable_if action=reinterpret pc=0x000001c964d13f20 method=sun.misc.MetaIndex.mayContain(Ljava/lang/String;)Z @ 38

Classes redefined (0 events):
No events

Internal exceptions (10 events):
Event: 2.198 Thread 0x000001c96316c800 Exception <a 'java/security/PrivilegedActionException'> (0x000000071b4db610) thrown at [C:\jenkins\workspace\8-2-build-windows-amd64-cygwin\jdk8u271\605\hotspot\src\share\vm\prims\jvm.cpp, line 1512]
Event: 2.198 Thread 0x000001c96316c800 Exception <a 'java/security/PrivilegedActionException'> (0x000000071b4db820) thrown at [C:\jenkins\workspace\8-2-build-windows-amd64-cygwin\jdk8u271\605\hotspot\src\share\vm\prims\jvm.cpp, line 1512]
Event: 2.198 Thread 0x000001c96316c800 Exception <a 'java/security/PrivilegedActionException'> (0x000000071b4e2d00) thrown at [C:\jenkins\workspace\8-2-build-windows-amd64-cygwin\jdk8u271\605\hotspot\src\share\vm\prims\jvm.cpp, line 1512]
Event: 2.198 Thread 0x000001c96316c800 Exception <a 'java/security/PrivilegedActionException'> (0x000000071b4e2f10) thrown at [C:\jenkins\workspace\8-2-build-windows-amd64-cygwin\jdk8u271\605\hotspot\src\share\vm\prims\jvm.cpp, line 1512]
Event: 2.199 Thread 0x000001c96316c800 Exception <a 'java/security/PrivilegedActionException'> (0x000000071b4e5170) thrown at [C:\jenkins\workspace\8-2-build-windows-amd64-cygwin\jdk8u271\605\hotspot\src\share\vm\prims\jvm.cpp, line 1512]
Event: 2.199 Thread 0x000001c96316c800 Exception <a 'java/security/PrivilegedActionException'> (0x000000071b4e5380) thrown at [C:\jenkins\workspace\8-2-build-windows-amd64-cygwin\jdk8u271\605\hotspot\src\share\vm\prims\jvm.cpp, line 1512]
Event: 2.199 Thread 0x000001c96316c800 Exception <a 'java/security/PrivilegedActionException'> (0x000000071b4e9758) thrown at [C:\jenkins\workspace\8-2-build-windows-amd64-cygwin\jdk8u271\605\hotspot\src\share\vm\prims\jvm.cpp, line 1512]
Event: 2.199 Thread 0x000001c96316c800 Exception <a 'java/security/PrivilegedActionException'> (0x000000071b4e9968) thrown at [C:\jenkins\workspace\8-2-build-windows-amd64-cygwin\jdk8u271\605\hotspot\src\share\vm\prims\jvm.cpp, line 1512]
Event: 2.238 Thread 0x000001c96316c800 Exception <a 'sun/nio/fs/WindowsException'> (0x000000071b67e5a0) thrown at [C:\jenkins\workspace\8-2-build-windows-amd64-cygwin\jdk8u271\605\hotspot\src\share\vm\prims\jni.cpp, line 710]
Event: 2.238 Thread 0x000001c96316c800 Exception <a 'sun/nio/fs/WindowsException'> (0x000000071b67ecb8) thrown at [C:\jenkins\workspace\8-2-build-windows-amd64-cygwin\jdk8u271\605\hotspot\src\share\vm\prims\jni.cpp, line 710]

Events (10 events):
Event: 2.483 loading class org/liquidengine/legui/style/Style
Event: 2.483 loading class org/liquidengine/legui/style/Style done
Event: 2.483 loading class org/liquidengine/legui/style/Style
Event: 2.483 loading class org/liquidengine/legui/style/Style done
Event: 2.483 loading class org/joml/Vector4f
Event: 2.483 loading class org/joml/Vector4f done
Event: 2.483 loading class org/liquidengine/legui/style/Style
Event: 2.483 loading class org/liquidengine/legui/style/Style done
Event: 2.483 loading class org/lwjgl/nanovg/NVGTextRow
Event: 2.483 loading class org/lwjgl/nanovg/NVGTextRow done


Dynamic libraries:
0x00007ff7473b0000 - 0x00007ff7473f7000 	C:\Program Files\Java\jre1.8.0_271\bin\javaw.exe
0x00007ffac54b0000 - 0x00007ffac56a6000 	C:\WINDOWS\SYSTEM32\ntdll.dll
0x00007ffac3be0000 - 0x00007ffac3c9d000 	C:\WINDOWS\System32\KERNEL32.DLL
0x00007ffac3070000 - 0x00007ffac3339000 	C:\WINDOWS\System32\KERNELBASE.dll
0x00007ffac53c0000 - 0x00007ffac546c000 	C:\WINDOWS\System32\ADVAPI32.dll
0x00007ffac3b30000 - 0x00007ffac3bce000 	C:\WINDOWS\System32\msvcrt.dll
0x00007ffac4260000 - 0x00007ffac42fc000 	C:\WINDOWS\System32\sechost.dll
0x00007ffac35e0000 - 0x00007ffac370b000 	C:\WINDOWS\System32\RPCRT4.dll
0x00007ffac5130000 - 0x00007ffac52d0000 	C:\WINDOWS\System32\USER32.dll
0x00007ffac3340000 - 0x00007ffac3362000 	C:\WINDOWS\System32\win32u.dll
0x00007ffac5030000 - 0x00007ffac505a000 	C:\WINDOWS\System32\GDI32.dll
0x00007ffac2d50000 - 0x00007ffac2e5b000 	C:\WINDOWS\System32\gdi32full.dll
0x00007ffac3470000 - 0x00007ffac350d000 	C:\WINDOWS\System32\msvcp_win.dll
0x00007ffac3370000 - 0x00007ffac3470000 	C:\WINDOWS\System32\ucrtbase.dll
0x00007ffab1fc0000 - 0x00007ffab225b000 	C:\WINDOWS\WinSxS\amd64_microsoft.windows.common-controls_6595b64144ccf1df_6.0.19041.746_none_ca02b4b61b8320a4\COMCTL32.dll
0x00007ffac3a20000 - 0x00007ffac3a50000 	C:\WINDOWS\System32\IMM32.DLL
0x00007ffabd0e0000 - 0x00007ffabd0f5000 	C:\Program Files\Java\jre1.8.0_271\bin\vcruntime140.dll
0x00007ffa9fa60000 - 0x00007ffa9fafb000 	C:\Program Files\Java\jre1.8.0_271\bin\msvcp140.dll
0x0000000064d20000 - 0x000000006558f000 	C:\Program Files\Java\jre1.8.0_271\bin\server\jvm.dll
0x00007ffac3bd0000 - 0x00007ffac3bd8000 	C:\WINDOWS\System32\PSAPI.DLL
0x00007ffaaf350000 - 0x00007ffaaf359000 	C:\WINDOWS\SYSTEM32\WSOCK32.dll
0x00007ffabaca0000 - 0x00007ffabacaa000 	C:\WINDOWS\SYSTEM32\VERSION.dll
0x00007ffac3510000 - 0x00007ffac357b000 	C:\WINDOWS\System32\WS2_32.dll
0x00007ffab4210000 - 0x00007ffab4237000 	C:\WINDOWS\SYSTEM32\WINMM.dll
0x00007ffac14f0000 - 0x00007ffac1502000 	C:\WINDOWS\SYSTEM32\kernel.appcore.dll
0x00007ffabc5b0000 - 0x00007ffabc5c0000 	C:\Program Files\Java\jre1.8.0_271\bin\verify.dll
0x00007ffaa3a30000 - 0x00007ffaa3a5b000 	C:\Program Files\Java\jre1.8.0_271\bin\java.dll
0x00007ffaafa40000 - 0x00007ffaafa58000 	C:\Program Files\Java\jre1.8.0_271\bin\zip.dll
0x00007ffac48e0000 - 0x00007ffac5023000 	C:\WINDOWS\System32\SHELL32.dll
0x00007ffac0bd0000 - 0x00007ffac135f000 	C:\WINDOWS\SYSTEM32\windows.storage.dll
0x00007ffac3f00000 - 0x00007ffac4256000 	C:\WINDOWS\System32\combase.dll
0x00007ffac2650000 - 0x00007ffac267c000 	C:\WINDOWS\SYSTEM32\Wldp.dll
0x00007ffac3e50000 - 0x00007ffac3efe000 	C:\WINDOWS\System32\SHCORE.dll
0x00007ffac3580000 - 0x00007ffac35d5000 	C:\WINDOWS\System32\shlwapi.dll
0x00007ffac2b20000 - 0x00007ffac2b46000 	C:\WINDOWS\SYSTEM32\profapi.dll
0x00007ffa515a0000 - 0x00007ffa5452c000 	E:\Primary\Files\College\Research\OpenCV-3.4.10\opencv\build\java\x64\opencv_java3410.dll
0x00007ffac37d0000 - 0x00007ffac38fa000 	C:\WINDOWS\System32\ole32.dll
0x00007ffac5060000 - 0x00007ffac512d000 	C:\WINDOWS\System32\OLEAUT32.dll
0x00007ffa7abc0000 - 0x00007ffa7acca000 	C:\WINDOWS\SYSTEM32\MFReadWrite.dll
0x00007ffab69c0000 - 0x00007ffab6a44000 	C:\WINDOWS\SYSTEM32\MF.dll
0x00007ffabcaf0000 - 0x00007ffabccac000 	C:\WINDOWS\SYSTEM32\MFPlat.DLL
0x00007ffac2bf0000 - 0x00007ffac2c3e000 	C:\WINDOWS\System32\cfgmgr32.dll
0x00007ffabd440000 - 0x00007ffabd8ce000 	C:\WINDOWS\SYSTEM32\MFCORE.DLL
0x00007ffac2e60000 - 0x00007ffac2fb6000 	C:\WINDOWS\System32\CRYPT32.dll
0x00007ffac2d20000 - 0x00007ffac2d47000 	C:\WINDOWS\System32\bcrypt.dll
0x00007ffac2190000 - 0x00007ffac21db000 	C:\WINDOWS\SYSTEM32\powrprof.dll
0x00007ffabd3f0000 - 0x00007ffabd3f9000 	C:\WINDOWS\SYSTEM32\ksuser.dll
0x00007ffac25c0000 - 0x00007ffac25cc000 	C:\WINDOWS\SYSTEM32\CRYPTBASE.DLL
0x00007ffac2c40000 - 0x00007ffac2cc0000 	C:\WINDOWS\System32\bcryptPrimitives.dll
0x00007ffabc9a0000 - 0x00007ffabc9d0000 	C:\WINDOWS\SYSTEM32\RTWorkQ.DLL
0x00007ffac2050000 - 0x00007ffac2062000 	C:\WINDOWS\SYSTEM32\UMPDC.dll
0x00007ffabc9e0000 - 0x00007ffabc9ed000 	C:\Program Files\Java\jre1.8.0_271\bin\management.dll
0x00007ffaa3b10000 - 0x00007ffaa3b2c000 	C:\Program Files\Java\jre1.8.0_271\bin\net.dll
0x00007ffac23d0000 - 0x00007ffac243a000 	C:\WINDOWS\system32\mswsock.dll
0x00007ffaafc80000 - 0x00007ffaafc97000 	C:\WINDOWS\system32\napinsp.dll
0x00007ffaafc60000 - 0x00007ffaafc7b000 	C:\WINDOWS\system32\pnrpnsp.dll
0x00007ffabe7c0000 - 0x00007ffabe7d5000 	C:\WINDOWS\system32\wshbth.dll
0x00007ffabbbd0000 - 0x00007ffabbbed000 	C:\WINDOWS\system32\NLAapi.dll
0x00007ffac2070000 - 0x00007ffac20ab000 	C:\WINDOWS\SYSTEM32\IPHLPAPI.DLL
0x00007ffac20b0000 - 0x00007ffac217b000 	C:\WINDOWS\SYSTEM32\DNSAPI.dll
0x00007ffac37c0000 - 0x00007ffac37c8000 	C:\WINDOWS\System32\NSI.dll
0x00007ffaafc40000 - 0x00007ffaafc52000 	C:\WINDOWS\System32\winrnr.dll
0x00007ffab9230000 - 0x00007ffab923a000 	C:\Windows\System32\rasadhlp.dll
0x00007ffab88d0000 - 0x00007ffab894f000 	C:\WINDOWS\System32\fwpuclnt.dll
0x00007ffaa3a10000 - 0x00007ffaa3a23000 	C:\Program Files\Java\jre1.8.0_271\bin\nio.dll
0x00007ffaaa540000 - 0x00007ffaaa5a4000 	C:\Users\Blake\AppData\Local\Temp\lwjglBlake\3.2.3-build-13\lwjgl.dll
0x00007ffa9f4d0000 - 0x00007ffa9f532000 	C:\Users\Blake\AppData\Local\Temp\lwjglBlake\3.2.3-build-13\glfw.dll
0x00007ffabfe40000 - 0x00007ffabfede000 	C:\WINDOWS\system32\uxtheme.dll
0x00007ffa9fa10000 - 0x00007ffa9fa55000 	C:\WINDOWS\SYSTEM32\dinput8.dll
0x00007ffab9210000 - 0x00007ffab9221000 	C:\WINDOWS\SYSTEM32\xinput1_4.dll
0x00007ffac2990000 - 0x00007ffac29bc000 	C:\WINDOWS\SYSTEM32\DEVOBJ.dll
0x00007ffac03f0000 - 0x00007ffac041f000 	C:\WINDOWS\SYSTEM32\dwmapi.dll
0x00007ffaa62f0000 - 0x00007ffaa6442000 	C:\WINDOWS\SYSTEM32\inputhost.dll
0x00007ffabf5f0000 - 0x00007ffabf6e2000 	C:\WINDOWS\SYSTEM32\CoreMessaging.dll
0x00007ffabe800000 - 0x00007ffabe954000 	C:\WINDOWS\SYSTEM32\wintypes.dll
0x00007ffac0420000 - 0x00007ffac0517000 	C:\WINDOWS\SYSTEM32\PROPSYS.dll
0x00007ffabf290000 - 0x00007ffabf5ee000 	C:\WINDOWS\SYSTEM32\CoreUIComponents.dll
0x00007ffac1930000 - 0x00007ffac1963000 	C:\WINDOWS\SYSTEM32\ntmarta.dll
0x00007ffac3900000 - 0x00007ffac3a16000 	C:\WINDOWS\System32\MSCTF.dll
0x00007ffac14b0000 - 0x00007ffac14bd000 	C:\WINDOWS\SYSTEM32\HID.DLL
0x00007ffac4300000 - 0x00007ffac4767000 	C:\WINDOWS\System32\SETUPAPI.DLL
0x00007ffac2cc0000 - 0x00007ffac2d20000 	C:\WINDOWS\System32\WINTRUST.dll
0x00007ffac27d0000 - 0x00007ffac27e2000 	C:\WINDOWS\SYSTEM32\MSASN1.dll
0x00007ffac4830000 - 0x00007ffac48d9000 	C:\WINDOWS\System32\clbcatq.dll
0x00007ffaa40d0000 - 0x00007ffaa410e000 	C:\Windows\System32\deviceaccess.dll
0x00007ffa88440000 - 0x00007ffa88565000 	C:\WINDOWS\SYSTEM32\opengl32.dll
0x00007ffa9f0b0000 - 0x00007ffa9f0dc000 	C:\WINDOWS\SYSTEM32\GLU32.dll
0x00007ffabaa10000 - 0x00007ffabab0b000 	C:\Windows\System32\AppXDeploymentClient.dll
0x00007ffa4d240000 - 0x00007ffa4ff20000 	C:\WINDOWS\System32\DriverStore\FileRepository\nv_dispi.inf_amd64_5dcb5bbf5c3edcf2\nvoglv64.dll
0x00007ffabd400000 - 0x00007ffabd414000 	C:\WINDOWS\SYSTEM32\WTSAPI32.dll
0x00007ffabab80000 - 0x00007ffababb1000 	C:\WINDOWS\SYSTEM32\cryptnet.dll
0x00007ffab89a0000 - 0x00007ffab89db000 	C:\WINDOWS\SYSTEM32\dxcore.dll
0x00007ffac19a0000 - 0x00007ffac19fa000 	C:\WINDOWS\SYSTEM32\WINSTA.dll
0x00007ffaa6550000 - 0x00007ffaa664b000 	C:\WINDOWS\SYSTEM32\textinputframework.dll
0x00007ffa9dfe0000 - 0x00007ffa9e039000 	C:\Users\Blake\AppData\Local\Temp\lwjglBlake\3.2.3-build-13\lwjgl_opengl.dll
0x00007ffa69d40000 - 0x00007ffa69f93000 	C:\Users\Blake\AppData\Local\Temp\lwjglBlake\3.2.3-build-13\jemalloc.dll
0x00007ffa86c10000 - 0x00007ffa86c97000 	C:\Users\Blake\AppData\Local\Temp\lwjglBlake\3.2.3-build-13\lwjgl_nanovg.dll
0x00007ffa9f070000 - 0x00007ffa9f0a8000 	C:\Users\Blake\AppData\Local\Temp\lwjglBlake\3.2.3-build-13\lwjgl_yoga.dll
0x00007ffac09e0000 - 0x00007ffac0bc4000 	C:\WINDOWS\SYSTEM32\dbghelp.dll

VM Arguments:
jvm_args: -Djava.library.path=E:\Primary\Files\College\Research\OpenCV-3.4.10\opencv\build\java\x64 -Dfile.encoding=Cp1252 
java_command: ARBootstrapper
java_class_path (initial): E:\Primary\Files\College\Research\ARSystem04\bin\main;C:\Users\Blake\.gradle\caches\modules-2\files-2.1\org.apache.commons\commons-math3\3.6.1\e4ba98f1d4b3c80ec46392f25e094a6a2e58fcbf\commons-math3-3.6.1.jar;C:\Users\Blake\.gradle\caches\modules-2\files-2.1\gov.nist.math\jama\1.0.2\3fa44a5491e483b875e60e9a69ffda7fd2b72627\jama-1.0.2.jar;C:\Users\Blake\.gradle\caches\modules-2\files-2.1\org.liquidengine\legui\3.2.0\54484d7143b91f12e1a2ef39f9956ff4fbe44345\legui-3.2.0.jar;C:\Users\Blake\.gradle\caches\modules-2\files-2.1\org.l33tlabs.twl\pngdecoder\1.0\6422688e344db244da42244b21998284bf098948\pngdecoder-1.0.jar;C:\Users\Blake\.gradle\caches\modules-2\files-2.1\org.reflections\reflections\0.9.11\23bba0ff497ec61fbca967d9b641c7681a71edb3\reflections-0.9.11.jar;C:\Users\Blake\.gradle\caches\modules-2\files-2.1\com.google.guava\guava\28.2-jre\8ec9ed76528425762174f0011ce8f74ad845b756\guava-28.2-jre.jar;C:\Users\Blake\.gradle\caches\modules-2\files-2.1\org.lwjgl\lwjgl-assimp\3.2.3\f62aa07a20afbdd3097efc296c4841e0d29700eb\lwjgl-assimp-3.2.3.jar;C:\Users\Blake\.gradle\caches\modules-2\files-2.1\org.lwjgl\lwjgl-bgfx\3.2.3\433883c4040fa8df47244dffa1d42c96ce2143de\lwjgl-bgfx-3.2.3.jar;C:\Users\Blake\.gradle\caches\modules-2\files-2.1\org.lwjgl\lwjgl-cuda\3.2.3\fb91f3aaa29e69eee7f1314a63d3e3068ad138e4\lwjgl-cuda-3.2.3.jar;C:\Users\Blake\.gradle\caches\modules-2\files-2.1\org.lwjgl\lwjgl-egl\3.2.3\45ad689a4346fac69d4e8696fa02aaa98f0ea196\lwjgl-egl-3.2.3.jar;C:\Users\Blake\.gradle\caches\modules-2\files-2.1\org.liquidengine\cbchain\1.0.0\fd0be4ccfce38803e7de630651e8a3c1f56b50d0\cbchain-1.0.0.jar;C:\Users\Blake\.gradle\caches\modules-2\files-2.1\org.lwjgl\lwjgl-glfw\3.2.3\5e520d5c290c8b012545a8d34fa5db5ab051ea53\lwjgl-glfw-3.2.3.jar;C:\Users\Blake\.gradle\caches\modules-2\files-2.1\org.lwjgl\lwjgl-glfw\3.2.3\b4d8a3477cdc2edcf7a5f1e822926be846223f54\lwjgl-glfw-3.2.3-natives-windows.jar;C:\Users\Blake\.gradle\caches\modules-2\files-2.1\org.lwjgl\lwjgl-glfw\
Launcher Type: SUN_STANDARD

Environment Variables:
JAVA_HOME=C:\Program Files\Java\jdk1.8.0_131
USERNAME=Blake
OS=Windows_NT
PROCESSOR_IDENTIFIER=AMD64 Family 21 Model 2 Stepping 0, AuthenticAMD



---------------  S Y S T E M  ---------------

OS: Windows 10.0 , 64 bit Build 19041 (10.0.19041.662)

CPU:total 8 (initial active 8) (8 cores per cpu, 1 threads per core) family 21 model 2 stepping 0, cmov, cx8, fxsr, mmx, sse, sse2, sse3, ssse3, sse4.1, sse4.2, popcnt, avx, aes, clmul, mmxext, 3dnowpref, lzcnt, sse4a, tsc, tscinvbit, tscinv, bmi1

Memory: 4k page, physical 33451524k(19651308k free), swap 38432260k(13296852k free)

vm_info: Java HotSpot(TM) 64-Bit Server VM (25.271-b09) for windows-amd64 JRE (1.8.0_271-b09), built on Sep 16 2020 19:14:59 by "" with MS VC++ 15.9 (VS2017)

time: Wed Jan 20 15:26:22 2021
timezone: US Eastern Standard Time
elapsed time: 2.571506 seconds (0d 0h 0m 2s)

